
2026-02-07 18:43:47,531 - __main__ - INFO - ============================================================
2026-02-07 18:45:32,796 - __main__ - INFO - ============================================================
2026-02-07 18:45:32,797 - __main__ - INFO - Iniciando aplicación...
2026-02-07 18:45:32,798 - __main__ - INFO - Versión: 1.0
2026-02-07 18:45:32,799 - __main__ - INFO - Autor: Miguel Ángel Iñigo Montero
2026-02-07 18:45:32,800 - __main__ - INFO - ============================================================
2026-02-07 18:45:34,044 - __main__ - INFO - Hoja de estilos cargada: c:\Users\Miguel\OneDrive\Escritorio\DAM2\DI\TRIMESTRE\Torneo_Futbol\RESOURCES/qss/estilo.qss
2026-02-07 18:45:34,045 - __main__ - INFO - Estilos aplicados correctamente
2026-02-07 18:45:34,046 - __main__ - INFO - Verificando base de datos...
2026-02-07 18:45:34,051 - __main__ - INFO - Conectando a la base de datos...
2026-02-07 18:45:34,058 - __main__ - INFO - Base de datos conectada correctamente
2026-02-07 18:45:34,059 - __main__ - INFO - Creando ventana principal...
2026-02-07 18:45:34,853 - __main__ - INFO - Aplicación iniciada correctamente
2026-02-07 18:45:34,854 - __main__ - INFO - ============================================================
2026-02-07 18:49:22,430 - __main__ - INFO - ============================================================
2026-02-07 18:49:22,430 - __main__ - INFO - Iniciando aplicación...
2026-02-07 18:49:22,431 - __main__ - INFO - Versión: 1.0
2026-02-07 18:49:22,432 - __main__ - INFO - Autor: Miguel Ángel Iñigo Montero
2026-02-07 18:49:22,433 - __main__ - INFO - ============================================================
2026-02-07 18:49:23,603 - __main__ - INFO - Hoja de estilos cargada: c:\Users\Miguel\OneDrive\Escritorio\DAM2\DI\TRIMESTRE\Torneo_Futbol\RESOURCES/qss/estilo.qss
2026-02-07 18:49:23,605 - __main__ - INFO - Estilos aplicados correctamente
2026-02-07 18:49:23,605 - __main__ - INFO - Verificando base de datos...
2026-02-07 18:49:23,612 - __main__ - INFO - Conectando a la base de datos...
2026-02-07 18:49:23,620 - __main__ - INFO - Base de datos conectada correctamente
2026-02-07 18:49:23,621 - __main__ - INFO - Creando ventana principal...
2026-02-07 18:49:24,344 - __main__ - INFO - Aplicación iniciada correctamente
2026-02-07 18:49:24,345 - __main__ - INFO - ============================================================
2026-02-07 18:53:00,834 - __main__ - INFO - ============================================================
2026-02-07 18:53:00,835 - __main__ - INFO - Iniciando aplicación...
2026-02-07 18:53:00,835 - __main__ - INFO - Versión: 1.0
2026-02-07 18:53:00,835 - __main__ - INFO - Autor: Miguel Ángel Iñigo Montero
2026-02-07 18:53:00,836 - __main__ - INFO - ============================================================
2026-02-07 18:53:01,993 - __main__ - INFO - Hoja de estilos cargada: c:\Users\Miguel\OneDrive\Escritorio\DAM2\DI\TRIMESTRE\Torneo_Futbol\RESOURCES/qss/estilo.qss
2026-02-07 18:53:01,994 - __main__ - INFO - Estilos aplicados correctamente
2026-02-07 18:53:01,995 - __main__ - INFO - Verificando base de datos...
2026-02-07 18:53:02,003 - __main__ - INFO - Conectando a la base de datos...
2026-02-07 18:53:02,012 - __main__ - INFO - Base de datos conectada correctamente
2026-02-07 18:53:02,012 - __main__ - INFO - Creando ventana principal...
2026-02-07 18:53:02,817 - __main__ - INFO - Aplicación iniciada correctamente
2026-02-07 18:53:02,817 - __main__ - INFO - ============================================================
2026-02-07 19:11:36,749 - __main__ - INFO - ============================================================
2026-02-07 19:11:36,750 - __main__ - INFO - Iniciando aplicación...
2026-02-07 19:11:36,750 - __main__ - INFO - Versión: 1.0
2026-02-07 19:11:36,750 - __main__ - INFO - Autor: Miguel Ángel Iñigo Montero
2026-02-07 19:11:36,750 - __main__ - INFO - ============================================================
2026-02-07 19:11:37,977 - __main__ - INFO - Hoja de estilos cargada: c:\Users\Miguel\OneDrive\Escritorio\DAM2\DI\TRIMESTRE\Torneo_Futbol\RESOURCES/qss/estilo.qss
2026-02-07 19:11:37,979 - __main__ - INFO - Estilos aplicados correctamente
2026-02-07 19:11:37,979 - __main__ - INFO - Verificando base de datos...
2026-02-07 19:11:37,987 - __main__ - INFO - Conectando a la base de datos...
2026-02-07 19:11:37,996 - __main__ - INFO - Base de datos conectada correctamente
2026-02-07 19:11:37,997 - __main__ - INFO - Creando ventana principal...
2026-02-07 19:11:39,238 - __main__ - INFO - Aplicación iniciada correctamente
2026-02-07 19:11:39,238 - __main__ - INFO - ============================================================
2026-02-07 19:15:42,575 - __main__ - INFO - ============================================================
2026-02-07 19:15:42,576 - __main__ - INFO - Iniciando aplicación...
2026-02-07 19:15:42,576 - __main__ - INFO - Versión: 1.0
2026-02-07 19:15:42,576 - __main__ - INFO - Autor: Miguel Ángel Iñigo Montero
2026-02-07 19:15:42,576 - __main__ - INFO - ============================================================
2026-02-07 19:15:43,723 - __main__ - INFO - Hoja de estilos cargada: c:\Users\Miguel\OneDrive\Escritorio\DAM2\DI\TRIMESTRE\Torneo_Futbol\RESOURCES/qss/estilo.qss
2026-02-07 19:15:43,725 - __main__ - INFO - Estilos aplicados correctamente
2026-02-07 19:15:43,725 - __main__ - INFO - Verificando base de datos...
2026-02-07 19:15:43,733 - __main__ - INFO - Conectando a la base de datos...
2026-02-07 19:15:43,740 - __main__ - INFO - Base de datos conectada correctamente
2026-02-07 19:15:43,740 - __main__ - INFO - Creando ventana principal...
2026-02-07 19:15:45,045 - __main__ - INFO - Aplicación iniciada correctamente
2026-02-07 19:15:45,045 - __main__ - INFO - ============================================================
2026-02-07 20:58:43,394 - __main__ - INFO - ============================================================
2026-02-07 20:58:43,395 - __main__ - INFO - Iniciando aplicación...
2026-02-07 20:58:43,395 - __main__ - INFO - Versión: 1.0
2026-02-07 20:58:43,396 - __main__ - INFO - Autor: Miguel Ángel Iñigo Montero
2026-02-07 20:58:43,396 - __main__ - INFO - ============================================================
2026-02-07 20:58:44,525 - __main__ - INFO - Hoja de estilos cargada: c:\Users\Miguel\OneDrive\Escritorio\DAM2\DI\TRIMESTRE\Torneo_Futbol\RESOURCES/qss/estilo.qss
2026-02-07 20:58:44,527 - __main__ - INFO - Estilos aplicados correctamente
2026-02-07 20:58:44,527 - __main__ - INFO - Verificando base de datos...
2026-02-07 20:58:44,539 - __main__ - INFO - Conectando a la base de datos...
2026-02-07 20:58:44,550 - __main__ - INFO - Base de datos conectada correctamente
2026-02-07 20:58:44,550 - __main__ - INFO - Creando ventana principal...
2026-02-07 20:58:45,049 - __main__ - INFO - Aplicación iniciada correctamente
2026-02-07 20:58:45,049 - __main__ - INFO - ============================================================
